2024-10-17T10:09:21.271+03:00  INFO 35872 --- [Eshop] [main] com.example.Eshop.EshopApplication       : Starting EshopApplication using Java 17.0.6 with PID 35872 (E:\NewProjects\eshop-angular-spring-18-final\eshop-backend\target\classes started by htsetsekas in E:\NewProjects\eshop-angular-spring-18-final\eshop-backend)
2024-10-17T10:09:21.274+03:00 DEBUG 35872 --- [Eshop] [main] com.example.Eshop.EshopApplication       : Running with Spring Boot v3.3.4, Spring v6.1.13
2024-10-17T10:09:21.275+03:00  INFO 35872 --- [Eshop] [main] com.example.Eshop.EshopApplication       : No active profile set, falling back to 1 default profile: "default"
2024-10-17T10:09:22.575+03:00  INFO 35872 --- [Eshop] [main] .s.d.r.c.RepositoryConfigurationDelegate : Bootstrapping Spring Data JPA repositories in DEFAULT mode.
2024-10-17T10:09:22.720+03:00  INFO 35872 --- [Eshop] [main] .s.d.r.c.RepositoryConfigurationDelegate : Finished Spring Data repository scanning in 129 ms. Found 4 JPA repository interfaces.
2024-10-17T10:09:23.971+03:00  INFO 35872 --- [Eshop] [main] o.s.b.w.embedded.tomcat.TomcatWebServer  : Tomcat initialized with port 8080 (http)
2024-10-17T10:09:23.994+03:00  INFO 35872 --- [Eshop] [main] o.apache.catalina.core.StandardService   : Starting service [Tomcat]
2024-10-17T10:09:23.994+03:00  INFO 35872 --- [Eshop] [main] o.apache.catalina.core.StandardEngine    : Starting Servlet engine: [Apache Tomcat/10.1.30]
2024-10-17T10:09:24.105+03:00  INFO 35872 --- [Eshop] [main] o.a.c.c.C.[Tomcat].[localhost].[/]       : Initializing Spring embedded WebApplicationContext
2024-10-17T10:09:24.107+03:00  INFO 35872 --- [Eshop] [main] w.s.c.ServletWebServerApplicationContext : Root WebApplicationContext: initialization completed in 2762 ms
2024-10-17T10:09:24.355+03:00  INFO 35872 --- [Eshop] [main] o.hibernate.jpa.internal.util.LogHelper  : HHH000204: Processing PersistenceUnitInfo [name: default]
2024-10-17T10:09:24.466+03:00  INFO 35872 --- [Eshop] [main] org.hibernate.Version                    : HHH000412: Hibernate ORM core version 6.5.3.Final
2024-10-17T10:09:24.524+03:00  INFO 35872 --- [Eshop] [main] o.h.c.internal.RegionFactoryInitiator    : HHH000026: Second-level cache disabled
2024-10-17T10:09:24.994+03:00  INFO 35872 --- [Eshop] [main] o.s.o.j.p.SpringPersistenceUnitInfo      : No LoadTimeWeaver setup: ignoring JPA class transformer
2024-10-17T10:09:25.047+03:00  INFO 35872 --- [Eshop] [main] com.zaxxer.hikari.HikariDataSource       : HikariPool-1 - Starting...
2024-10-17T10:09:25.292+03:00  INFO 35872 --- [Eshop] [main] com.zaxxer.hikari.pool.HikariPool        : HikariPool-1 - Added connection com.mysql.cj.jdbc.ConnectionImpl@6ba060af
2024-10-17T10:09:25.295+03:00  INFO 35872 --- [Eshop] [main] com.zaxxer.hikari.HikariDataSource       : HikariPool-1 - Start completed.
2024-10-17T10:09:25.346+03:00  WARN 35872 --- [Eshop] [main] org.hibernate.orm.deprecation            : HHH90000025: MySQL8Dialect does not need to be specified explicitly using 'hibernate.dialect' (remove the property setting and it will be selected by default)
2024-10-17T10:09:25.348+03:00  WARN 35872 --- [Eshop] [main] org.hibernate.orm.deprecation            : HHH90000026: MySQL8Dialect has been deprecated; use org.hibernate.dialect.MySQLDialect instead
2024-10-17T10:09:26.848+03:00  INFO 35872 --- [Eshop] [main] o.h.e.t.j.p.i.JtaPlatformInitiator       : HHH000489: No JTA platform available (set 'hibernate.transaction.jta.platform' to enable JTA platform integration)
2024-10-17T10:09:26.939+03:00  INFO 35872 --- [Eshop] [main] j.LocalContainerEntityManagerFactoryBean : Initialized JPA EntityManagerFactory for persistence unit 'default'
2024-10-17T10:09:27.416+03:00 DEBUG 35872 --- [Eshop] [main] c.example.Eshop.config.JwtRequestFilter  : Filter 'jwtRequestFilter' configured for use
2024-10-17T10:09:27.515+03:00  INFO 35872 --- [Eshop] [main] r$InitializeUserDetailsManagerConfigurer : Global AuthenticationManager configured with UserDetailsService bean with name customUserDetailsService
2024-10-17T10:09:27.554+03:00  INFO 35872 --- [Eshop] [main] o.s.d.j.r.query.QueryEnhancerFactory     : Hibernate is in classpath; If applicable, HQL parser will be used.
2024-10-17T10:09:28.214+03:00  WARN 35872 --- [Eshop] [main] JpaBaseConfiguration$JpaWebConfiguration : spring.jpa.open-in-view is enabled by default. Therefore, database queries may be performed during view rendering. Explicitly configure spring.jpa.open-in-view to disable this warning
2024-10-17T10:09:28.905+03:00  INFO 35872 --- [Eshop] [main] o.s.b.w.embedded.tomcat.TomcatWebServer  : Tomcat started on port 8080 (http) with context path '/'
2024-10-17T10:09:28.917+03:00  INFO 35872 --- [Eshop] [main] com.example.Eshop.EshopApplication       : Started EshopApplication in 8.296 seconds (process running for 8.936)
2024-10-17T10:10:46.121+03:00  INFO 35872 --- [Eshop] [http-nio-8080-exec-1] o.a.c.c.C.[Tomcat].[localhost].[/]       : Initializing Spring DispatcherServlet 'dispatcherServlet'
2024-10-17T10:10:46.121+03:00  INFO 35872 --- [Eshop] [http-nio-8080-exec-1] o.s.web.servlet.DispatcherServlet        : Initializing Servlet 'dispatcherServlet'
2024-10-17T10:10:46.123+03:00  INFO 35872 --- [Eshop] [http-nio-8080-exec-1] o.s.web.servlet.DispatcherServlet        : Completed initialization in 2 ms
2024-10-17T10:15:00.615+03:00  INFO 35872 --- [Eshop] [SpringApplicationShutdownHook] j.LocalContainerEntityManagerFactoryBean : Closing JPA EntityManagerFactory for persistence unit 'default'
2024-10-17T10:15:00.618+03:00  INFO 35872 --- [Eshop] [SpringApplicationShutdownHook] com.zaxxer.hikari.HikariDataSource       : HikariPool-1 - Shutdown initiated...
2024-10-17T10:15:00.630+03:00  INFO 35872 --- [Eshop] [SpringApplicationShutdownHook] com.zaxxer.hikari.HikariDataSource       : HikariPool-1 - Shutdown completed.
2024-10-17T10:15:08.489+03:00  INFO 22668 --- [Eshop] [main] com.example.Eshop.EshopApplication       : Starting EshopApplication using Java 17.0.6 with PID 22668 (E:\NewProjects\eshop-angular-spring-18-final\eshop-backend\target\classes started by htsetsekas in E:\NewProjects\eshop-angular-spring-18-final\eshop-backend)
2024-10-17T10:15:08.505+03:00 DEBUG 22668 --- [Eshop] [main] com.example.Eshop.EshopApplication       : Running with Spring Boot v3.3.4, Spring v6.1.13
2024-10-17T10:15:08.506+03:00  INFO 22668 --- [Eshop] [main] com.example.Eshop.EshopApplication       : No active profile set, falling back to 1 default profile: "default"
2024-10-17T10:15:10.061+03:00  INFO 22668 --- [Eshop] [main] .s.d.r.c.RepositoryConfigurationDelegate : Bootstrapping Spring Data JPA repositories in DEFAULT mode.
2024-10-17T10:15:10.168+03:00  INFO 22668 --- [Eshop] [main] .s.d.r.c.RepositoryConfigurationDelegate : Finished Spring Data repository scanning in 93 ms. Found 4 JPA repository interfaces.
2024-10-17T10:15:11.347+03:00  INFO 22668 --- [Eshop] [main] o.s.b.w.embedded.tomcat.TomcatWebServer  : Tomcat initialized with port 8080 (http)
2024-10-17T10:15:11.366+03:00  INFO 22668 --- [Eshop] [main] o.apache.catalina.core.StandardService   : Starting service [Tomcat]
2024-10-17T10:15:11.367+03:00  INFO 22668 --- [Eshop] [main] o.apache.catalina.core.StandardEngine    : Starting Servlet engine: [Apache Tomcat/10.1.30]
2024-10-17T10:15:11.491+03:00  INFO 22668 --- [Eshop] [main] o.a.c.c.C.[Tomcat].[localhost].[/]       : Initializing Spring embedded WebApplicationContext
2024-10-17T10:15:11.491+03:00  INFO 22668 --- [Eshop] [main] w.s.c.ServletWebServerApplicationContext : Root WebApplicationContext: initialization completed in 2908 ms
2024-10-17T10:15:11.731+03:00  INFO 22668 --- [Eshop] [main] o.hibernate.jpa.internal.util.LogHelper  : HHH000204: Processing PersistenceUnitInfo [name: default]
2024-10-17T10:15:11.818+03:00  INFO 22668 --- [Eshop] [main] org.hibernate.Version                    : HHH000412: Hibernate ORM core version 6.5.3.Final
2024-10-17T10:15:11.870+03:00  INFO 22668 --- [Eshop] [main] o.h.c.internal.RegionFactoryInitiator    : HHH000026: Second-level cache disabled
2024-10-17T10:15:12.369+03:00  INFO 22668 --- [Eshop] [main] o.s.o.j.p.SpringPersistenceUnitInfo      : No LoadTimeWeaver setup: ignoring JPA class transformer
2024-10-17T10:15:12.413+03:00  INFO 22668 --- [Eshop] [main] com.zaxxer.hikari.HikariDataSource       : HikariPool-1 - Starting...
2024-10-17T10:15:12.633+03:00  INFO 22668 --- [Eshop] [main] com.zaxxer.hikari.pool.HikariPool        : HikariPool-1 - Added connection com.mysql.cj.jdbc.ConnectionImpl@1584c019
2024-10-17T10:15:12.636+03:00  INFO 22668 --- [Eshop] [main] com.zaxxer.hikari.HikariDataSource       : HikariPool-1 - Start completed.
2024-10-17T10:15:12.692+03:00  WARN 22668 --- [Eshop] [main] org.hibernate.orm.deprecation            : HHH90000025: MySQL8Dialect does not need to be specified explicitly using 'hibernate.dialect' (remove the property setting and it will be selected by default)
2024-10-17T10:15:12.694+03:00  WARN 22668 --- [Eshop] [main] org.hibernate.orm.deprecation            : HHH90000026: MySQL8Dialect has been deprecated; use org.hibernate.dialect.MySQLDialect instead
2024-10-17T10:15:14.253+03:00  INFO 22668 --- [Eshop] [main] o.h.e.t.j.p.i.JtaPlatformInitiator       : HHH000489: No JTA platform available (set 'hibernate.transaction.jta.platform' to enable JTA platform integration)
2024-10-17T10:15:14.336+03:00  INFO 22668 --- [Eshop] [main] j.LocalContainerEntityManagerFactoryBean : Initialized JPA EntityManagerFactory for persistence unit 'default'
2024-10-17T10:15:14.835+03:00 DEBUG 22668 --- [Eshop] [main] c.example.Eshop.config.JwtRequestFilter  : Filter 'jwtRequestFilter' configured for use
2024-10-17T10:15:14.927+03:00  INFO 22668 --- [Eshop] [main] r$InitializeUserDetailsManagerConfigurer : Global AuthenticationManager configured with UserDetailsService bean with name customUserDetailsService
2024-10-17T10:15:14.966+03:00  INFO 22668 --- [Eshop] [main] o.s.d.j.r.query.QueryEnhancerFactory     : Hibernate is in classpath; If applicable, HQL parser will be used.
2024-10-17T10:15:15.670+03:00  WARN 22668 --- [Eshop] [main] JpaBaseConfiguration$JpaWebConfiguration : spring.jpa.open-in-view is enabled by default. Therefore, database queries may be performed during view rendering. Explicitly configure spring.jpa.open-in-view to disable this warning
2024-10-17T10:15:16.442+03:00  INFO 22668 --- [Eshop] [main] o.s.b.w.embedded.tomcat.TomcatWebServer  : Tomcat started on port 8080 (http) with context path '/'
2024-10-17T10:15:16.454+03:00  INFO 22668 --- [Eshop] [main] com.example.Eshop.EshopApplication       : Started EshopApplication in 8.749 seconds (process running for 9.464)
2024-10-17T10:17:51.056+03:00  INFO 22668 --- [Eshop] [http-nio-8080-exec-1] o.a.c.c.C.[Tomcat].[localhost].[/]       : Initializing Spring DispatcherServlet 'dispatcherServlet'
2024-10-17T10:17:51.058+03:00  INFO 22668 --- [Eshop] [http-nio-8080-exec-1] o.s.web.servlet.DispatcherServlet        : Initializing Servlet 'dispatcherServlet'
2024-10-17T10:17:51.063+03:00  INFO 22668 --- [Eshop] [http-nio-8080-exec-1] o.s.web.servlet.DispatcherServlet        : Completed initialization in 2 ms
2024-10-17T10:18:05.339+03:00  INFO 22668 --- [Eshop] [http-nio-8080-exec-2] c.e.E.c.RemoteLoggingController          : An HTTP error occured. Status: 403
2024-10-17T10:20:12.858+03:00 ERROR 22668 --- [Eshop] [http-nio-8080-exec-8] c.e.E.c.RemoteLoggingController          : An HTTP error occured. Status: 403
2024-10-17T10:21:48.094+03:00  INFO 22668 --- [Eshop] [SpringApplicationShutdownHook] j.LocalContainerEntityManagerFactoryBean : Closing JPA EntityManagerFactory for persistence unit 'default'
2024-10-17T10:21:48.098+03:00  INFO 22668 --- [Eshop] [SpringApplicationShutdownHook] com.zaxxer.hikari.HikariDataSource       : HikariPool-1 - Shutdown initiated...
2024-10-17T10:21:48.112+03:00  INFO 22668 --- [Eshop] [SpringApplicationShutdownHook] com.zaxxer.hikari.HikariDataSource       : HikariPool-1 - Shutdown completed.
2024-10-17T10:21:57.346+03:00  INFO 19700 --- [Eshop] [main] com.example.Eshop.EshopApplication       : Starting EshopApplication using Java 17.0.6 with PID 19700 (E:\NewProjects\eshop-angular-spring-18-final\eshop-backend\target\classes started by htsetsekas in E:\NewProjects\eshop-angular-spring-18-final\eshop-backend)
2024-10-17T10:21:57.352+03:00 DEBUG 19700 --- [Eshop] [main] com.example.Eshop.EshopApplication       : Running with Spring Boot v3.3.4, Spring v6.1.13
2024-10-17T10:21:57.353+03:00  INFO 19700 --- [Eshop] [main] com.example.Eshop.EshopApplication       : No active profile set, falling back to 1 default profile: "default"
2024-10-17T10:21:58.669+03:00  INFO 19700 --- [Eshop] [main] .s.d.r.c.RepositoryConfigurationDelegate : Bootstrapping Spring Data JPA repositories in DEFAULT mode.
2024-10-17T10:21:58.792+03:00  INFO 19700 --- [Eshop] [main] .s.d.r.c.RepositoryConfigurationDelegate : Finished Spring Data repository scanning in 107 ms. Found 4 JPA repository interfaces.
2024-10-17T10:21:59.815+03:00  INFO 19700 --- [Eshop] [main] o.s.b.w.embedded.tomcat.TomcatWebServer  : Tomcat initialized with port 8080 (http)
2024-10-17T10:21:59.836+03:00  INFO 19700 --- [Eshop] [main] o.apache.catalina.core.StandardService   : Starting service [Tomcat]
2024-10-17T10:21:59.836+03:00  INFO 19700 --- [Eshop] [main] o.apache.catalina.core.StandardEngine    : Starting Servlet engine: [Apache Tomcat/10.1.30]
2024-10-17T10:21:59.943+03:00  INFO 19700 --- [Eshop] [main] o.a.c.c.C.[Tomcat].[localhost].[/]       : Initializing Spring embedded WebApplicationContext
2024-10-17T10:21:59.944+03:00  INFO 19700 --- [Eshop] [main] w.s.c.ServletWebServerApplicationContext : Root WebApplicationContext: initialization completed in 2518 ms
2024-10-17T10:22:00.192+03:00  INFO 19700 --- [Eshop] [main] o.hibernate.jpa.internal.util.LogHelper  : HHH000204: Processing PersistenceUnitInfo [name: default]
2024-10-17T10:22:00.285+03:00  INFO 19700 --- [Eshop] [main] org.hibernate.Version                    : HHH000412: Hibernate ORM core version 6.5.3.Final
2024-10-17T10:22:00.335+03:00  INFO 19700 --- [Eshop] [main] o.h.c.internal.RegionFactoryInitiator    : HHH000026: Second-level cache disabled
2024-10-17T10:22:00.797+03:00  INFO 19700 --- [Eshop] [main] o.s.o.j.p.SpringPersistenceUnitInfo      : No LoadTimeWeaver setup: ignoring JPA class transformer
2024-10-17T10:22:00.847+03:00  INFO 19700 --- [Eshop] [main] com.zaxxer.hikari.HikariDataSource       : HikariPool-1 - Starting...
2024-10-17T10:22:01.073+03:00  INFO 19700 --- [Eshop] [main] com.zaxxer.hikari.pool.HikariPool        : HikariPool-1 - Added connection com.mysql.cj.jdbc.ConnectionImpl@5817f1ca
2024-10-17T10:22:01.076+03:00  INFO 19700 --- [Eshop] [main] com.zaxxer.hikari.HikariDataSource       : HikariPool-1 - Start completed.
2024-10-17T10:22:01.125+03:00  WARN 19700 --- [Eshop] [main] org.hibernate.orm.deprecation            : HHH90000025: MySQL8Dialect does not need to be specified explicitly using 'hibernate.dialect' (remove the property setting and it will be selected by default)
2024-10-17T10:22:01.126+03:00  WARN 19700 --- [Eshop] [main] org.hibernate.orm.deprecation            : HHH90000026: MySQL8Dialect has been deprecated; use org.hibernate.dialect.MySQLDialect instead
2024-10-17T10:22:02.521+03:00  INFO 19700 --- [Eshop] [main] o.h.e.t.j.p.i.JtaPlatformInitiator       : HHH000489: No JTA platform available (set 'hibernate.transaction.jta.platform' to enable JTA platform integration)
2024-10-17T10:22:02.597+03:00  INFO 19700 --- [Eshop] [main] j.LocalContainerEntityManagerFactoryBean : Initialized JPA EntityManagerFactory for persistence unit 'default'
2024-10-17T10:22:03.219+03:00 DEBUG 19700 --- [Eshop] [main] c.example.Eshop.config.JwtRequestFilter  : Filter 'jwtRequestFilter' configured for use
2024-10-17T10:22:03.320+03:00  INFO 19700 --- [Eshop] [main] r$InitializeUserDetailsManagerConfigurer : Global AuthenticationManager configured with UserDetailsService bean with name customUserDetailsService
2024-10-17T10:22:03.367+03:00  INFO 19700 --- [Eshop] [main] o.s.d.j.r.query.QueryEnhancerFactory     : Hibernate is in classpath; If applicable, HQL parser will be used.
2024-10-17T10:22:04.086+03:00  WARN 19700 --- [Eshop] [main] JpaBaseConfiguration$JpaWebConfiguration : spring.jpa.open-in-view is enabled by default. Therefore, database queries may be performed during view rendering. Explicitly configure spring.jpa.open-in-view to disable this warning
2024-10-17T10:22:04.933+03:00  INFO 19700 --- [Eshop] [main] o.s.b.w.embedded.tomcat.TomcatWebServer  : Tomcat started on port 8080 (http) with context path '/'
2024-10-17T10:22:04.945+03:00  INFO 19700 --- [Eshop] [main] com.example.Eshop.EshopApplication       : Started EshopApplication in 8.186 seconds (process running for 8.81)
2024-10-17T10:22:05.999+03:00  INFO 19700 --- [Eshop] [http-nio-8080-exec-1] o.a.c.c.C.[Tomcat].[localhost].[/]       : Initializing Spring DispatcherServlet 'dispatcherServlet'
2024-10-17T10:22:05.999+03:00  INFO 19700 --- [Eshop] [http-nio-8080-exec-1] o.s.web.servlet.DispatcherServlet        : Initializing Servlet 'dispatcherServlet'
2024-10-17T10:22:06.001+03:00  INFO 19700 --- [Eshop] [http-nio-8080-exec-1] o.s.web.servlet.DispatcherServlet        : Completed initialization in 1 ms
2024-10-17T10:22:13.421+03:00 ERROR 19700 --- [Eshop] [http-nio-8080-exec-3] c.e.E.c.RemoteLoggingController          : An HTTP error occured. Status: 403Stack trace: 
2024-10-17T10:22:50.596+03:00  INFO 19700 --- [Eshop] [SpringApplicationShutdownHook] j.LocalContainerEntityManagerFactoryBean : Closing JPA EntityManagerFactory for persistence unit 'default'
2024-10-17T10:22:50.598+03:00  INFO 19700 --- [Eshop] [SpringApplicationShutdownHook] com.zaxxer.hikari.HikariDataSource       : HikariPool-1 - Shutdown initiated...
2024-10-17T10:22:50.615+03:00  INFO 19700 --- [Eshop] [SpringApplicationShutdownHook] com.zaxxer.hikari.HikariDataSource       : HikariPool-1 - Shutdown completed.
2024-10-17T10:22:59.577+03:00  INFO 19876 --- [Eshop] [main] com.example.Eshop.EshopApplication       : Starting EshopApplication using Java 17.0.6 with PID 19876 (E:\NewProjects\eshop-angular-spring-18-final\eshop-backend\target\classes started by htsetsekas in E:\NewProjects\eshop-angular-spring-18-final\eshop-backend)
2024-10-17T10:22:59.580+03:00 DEBUG 19876 --- [Eshop] [main] com.example.Eshop.EshopApplication       : Running with Spring Boot v3.3.4, Spring v6.1.13
2024-10-17T10:22:59.582+03:00  INFO 19876 --- [Eshop] [main] com.example.Eshop.EshopApplication       : No active profile set, falling back to 1 default profile: "default"
2024-10-17T10:23:01.267+03:00  INFO 19876 --- [Eshop] [main] .s.d.r.c.RepositoryConfigurationDelegate : Bootstrapping Spring Data JPA repositories in DEFAULT mode.
2024-10-17T10:23:01.386+03:00  INFO 19876 --- [Eshop] [main] .s.d.r.c.RepositoryConfigurationDelegate : Finished Spring Data repository scanning in 100 ms. Found 4 JPA repository interfaces.
2024-10-17T10:23:02.588+03:00  INFO 19876 --- [Eshop] [main] o.s.b.w.embedded.tomcat.TomcatWebServer  : Tomcat initialized with port 8080 (http)
2024-10-17T10:23:02.609+03:00  INFO 19876 --- [Eshop] [main] o.apache.catalina.core.StandardService   : Starting service [Tomcat]
2024-10-17T10:23:02.609+03:00  INFO 19876 --- [Eshop] [main] o.apache.catalina.core.StandardEngine    : Starting Servlet engine: [Apache Tomcat/10.1.30]
2024-10-17T10:23:02.747+03:00  INFO 19876 --- [Eshop] [main] o.a.c.c.C.[Tomcat].[localhost].[/]       : Initializing Spring embedded WebApplicationContext
2024-10-17T10:23:02.748+03:00  INFO 19876 --- [Eshop] [main] w.s.c.ServletWebServerApplicationContext : Root WebApplicationContext: initialization completed in 3067 ms
2024-10-17T10:23:03.027+03:00  INFO 19876 --- [Eshop] [main] o.hibernate.jpa.internal.util.LogHelper  : HHH000204: Processing PersistenceUnitInfo [name: default]
2024-10-17T10:23:03.145+03:00  INFO 19876 --- [Eshop] [main] org.hibernate.Version                    : HHH000412: Hibernate ORM core version 6.5.3.Final
2024-10-17T10:23:03.196+03:00  INFO 19876 --- [Eshop] [main] o.h.c.internal.RegionFactoryInitiator    : HHH000026: Second-level cache disabled
2024-10-17T10:23:03.712+03:00  INFO 19876 --- [Eshop] [main] o.s.o.j.p.SpringPersistenceUnitInfo      : No LoadTimeWeaver setup: ignoring JPA class transformer
2024-10-17T10:23:03.755+03:00  INFO 19876 --- [Eshop] [main] com.zaxxer.hikari.HikariDataSource       : HikariPool-1 - Starting...
2024-10-17T10:23:04.070+03:00  INFO 19876 --- [Eshop] [main] com.zaxxer.hikari.pool.HikariPool        : HikariPool-1 - Added connection com.mysql.cj.jdbc.ConnectionImpl@16b64a03
2024-10-17T10:23:04.076+03:00  INFO 19876 --- [Eshop] [main] com.zaxxer.hikari.HikariDataSource       : HikariPool-1 - Start completed.
2024-10-17T10:23:04.164+03:00  WARN 19876 --- [Eshop] [main] org.hibernate.orm.deprecation            : HHH90000025: MySQL8Dialect does not need to be specified explicitly using 'hibernate.dialect' (remove the property setting and it will be selected by default)
2024-10-17T10:23:04.165+03:00  WARN 19876 --- [Eshop] [main] org.hibernate.orm.deprecation            : HHH90000026: MySQL8Dialect has been deprecated; use org.hibernate.dialect.MySQLDialect instead
2024-10-17T10:23:05.679+03:00  INFO 19876 --- [Eshop] [main] o.h.e.t.j.p.i.JtaPlatformInitiator       : HHH000489: No JTA platform available (set 'hibernate.transaction.jta.platform' to enable JTA platform integration)
2024-10-17T10:23:05.764+03:00  INFO 19876 --- [Eshop] [main] j.LocalContainerEntityManagerFactoryBean : Initialized JPA EntityManagerFactory for persistence unit 'default'
2024-10-17T10:23:06.347+03:00 DEBUG 19876 --- [Eshop] [main] c.example.Eshop.config.JwtRequestFilter  : Filter 'jwtRequestFilter' configured for use
2024-10-17T10:23:06.462+03:00  INFO 19876 --- [Eshop] [main] r$InitializeUserDetailsManagerConfigurer : Global AuthenticationManager configured with UserDetailsService bean with name customUserDetailsService
2024-10-17T10:23:06.499+03:00  INFO 19876 --- [Eshop] [main] o.s.d.j.r.query.QueryEnhancerFactory     : Hibernate is in classpath; If applicable, HQL parser will be used.
2024-10-17T10:23:07.272+03:00  WARN 19876 --- [Eshop] [main] JpaBaseConfiguration$JpaWebConfiguration : spring.jpa.open-in-view is enabled by default. Therefore, database queries may be performed during view rendering. Explicitly configure spring.jpa.open-in-view to disable this warning
2024-10-17T10:23:08.084+03:00  INFO 19876 --- [Eshop] [main] o.s.b.w.embedded.tomcat.TomcatWebServer  : Tomcat started on port 8080 (http) with context path '/'
2024-10-17T10:23:08.095+03:00  INFO 19876 --- [Eshop] [main] com.example.Eshop.EshopApplication       : Started EshopApplication in 9.24 seconds (process running for 9.869)
2024-10-17T10:24:21.465+03:00  INFO 19876 --- [Eshop] [SpringApplicationShutdownHook] j.LocalContainerEntityManagerFactoryBean : Closing JPA EntityManagerFactory for persistence unit 'default'
2024-10-17T10:24:21.467+03:00  INFO 19876 --- [Eshop] [SpringApplicationShutdownHook] com.zaxxer.hikari.HikariDataSource       : HikariPool-1 - Shutdown initiated...
2024-10-17T10:24:21.483+03:00  INFO 19876 --- [Eshop] [SpringApplicationShutdownHook] com.zaxxer.hikari.HikariDataSource       : HikariPool-1 - Shutdown completed.
2024-10-17T10:24:27.146+03:00  INFO 30880 --- [Eshop] [main] com.example.Eshop.EshopApplication       : Starting EshopApplication using Java 17.0.6 with PID 30880 (E:\NewProjects\eshop-angular-spring-18-final\eshop-backend\target\classes started by htsetsekas in E:\NewProjects\eshop-angular-spring-18-final\eshop-backend)
2024-10-17T10:24:27.150+03:00  INFO 30880 --- [Eshop] [main] com.example.Eshop.EshopApplication       : No active profile set, falling back to 1 default profile: "default"
2024-10-17T10:24:28.478+03:00  INFO 30880 --- [Eshop] [main] .s.d.r.c.RepositoryConfigurationDelegate : Bootstrapping Spring Data JPA repositories in DEFAULT mode.
2024-10-17T10:24:28.591+03:00  INFO 30880 --- [Eshop] [main] .s.d.r.c.RepositoryConfigurationDelegate : Finished Spring Data repository scanning in 99 ms. Found 4 JPA repository interfaces.
2024-10-17T10:24:29.666+03:00  INFO 30880 --- [Eshop] [main] o.s.b.w.embedded.tomcat.TomcatWebServer  : Tomcat initialized with port 8080 (http)
2024-10-17T10:24:29.684+03:00  INFO 30880 --- [Eshop] [main] o.apache.catalina.core.StandardService   : Starting service [Tomcat]
2024-10-17T10:24:29.685+03:00  INFO 30880 --- [Eshop] [main] o.apache.catalina.core.StandardEngine    : Starting Servlet engine: [Apache Tomcat/10.1.30]
2024-10-17T10:24:29.784+03:00  INFO 30880 --- [Eshop] [main] o.a.c.c.C.[Tomcat].[localhost].[/]       : Initializing Spring embedded WebApplicationContext
2024-10-17T10:24:29.785+03:00  INFO 30880 --- [Eshop] [main] w.s.c.ServletWebServerApplicationContext : Root WebApplicationContext: initialization completed in 2560 ms
2024-10-17T10:24:30.023+03:00  INFO 30880 --- [Eshop] [main] o.hibernate.jpa.internal.util.LogHelper  : HHH000204: Processing PersistenceUnitInfo [name: default]
2024-10-17T10:24:30.097+03:00  INFO 30880 --- [Eshop] [main] org.hibernate.Version                    : HHH000412: Hibernate ORM core version 6.5.3.Final
2024-10-17T10:24:30.148+03:00  INFO 30880 --- [Eshop] [main] o.h.c.internal.RegionFactoryInitiator    : HHH000026: Second-level cache disabled
2024-10-17T10:24:30.588+03:00  INFO 30880 --- [Eshop] [main] o.s.o.j.p.SpringPersistenceUnitInfo      : No LoadTimeWeaver setup: ignoring JPA class transformer
2024-10-17T10:24:30.631+03:00  INFO 30880 --- [Eshop] [main] com.zaxxer.hikari.HikariDataSource       : HikariPool-1 - Starting...
2024-10-17T10:24:30.851+03:00  INFO 30880 --- [Eshop] [main] com.zaxxer.hikari.pool.HikariPool        : HikariPool-1 - Added connection com.mysql.cj.jdbc.ConnectionImpl@4fe2dd02
2024-10-17T10:24:30.855+03:00  INFO 30880 --- [Eshop] [main] com.zaxxer.hikari.HikariDataSource       : HikariPool-1 - Start completed.
2024-10-17T10:24:30.925+03:00  WARN 30880 --- [Eshop] [main] org.hibernate.orm.deprecation            : HHH90000025: MySQL8Dialect does not need to be specified explicitly using 'hibernate.dialect' (remove the property setting and it will be selected by default)
2024-10-17T10:24:30.927+03:00  WARN 30880 --- [Eshop] [main] org.hibernate.orm.deprecation            : HHH90000026: MySQL8Dialect has been deprecated; use org.hibernate.dialect.MySQLDialect instead
2024-10-17T10:24:32.364+03:00  INFO 30880 --- [Eshop] [main] o.h.e.t.j.p.i.JtaPlatformInitiator       : HHH000489: No JTA platform available (set 'hibernate.transaction.jta.platform' to enable JTA platform integration)
2024-10-17T10:24:32.452+03:00  INFO 30880 --- [Eshop] [main] j.LocalContainerEntityManagerFactoryBean : Initialized JPA EntityManagerFactory for persistence unit 'default'
2024-10-17T10:24:32.984+03:00  INFO 30880 --- [Eshop] [main] r$InitializeUserDetailsManagerConfigurer : Global AuthenticationManager configured with UserDetailsService bean with name customUserDetailsService
2024-10-17T10:24:33.023+03:00  INFO 30880 --- [Eshop] [main] o.s.d.j.r.query.QueryEnhancerFactory     : Hibernate is in classpath; If applicable, HQL parser will be used.
2024-10-17T10:24:33.724+03:00  WARN 30880 --- [Eshop] [main] JpaBaseConfiguration$JpaWebConfiguration : spring.jpa.open-in-view is enabled by default. Therefore, database queries may be performed during view rendering. Explicitly configure spring.jpa.open-in-view to disable this warning
2024-10-17T10:24:34.428+03:00  INFO 30880 --- [Eshop] [main] o.s.b.w.embedded.tomcat.TomcatWebServer  : Tomcat started on port 8080 (http) with context path '/'
2024-10-17T10:24:34.440+03:00  INFO 30880 --- [Eshop] [main] com.example.Eshop.EshopApplication       : Started EshopApplication in 7.914 seconds (process running for 8.502)
2024-10-17T10:24:44.500+03:00  INFO 30880 --- [Eshop] [http-nio-8080-exec-1] o.a.c.c.C.[Tomcat].[localhost].[/]       : Initializing Spring DispatcherServlet 'dispatcherServlet'
2024-10-17T10:24:44.501+03:00  INFO 30880 --- [Eshop] [http-nio-8080-exec-1] o.s.web.servlet.DispatcherServlet        : Initializing Servlet 'dispatcherServlet'
2024-10-17T10:24:44.506+03:00  INFO 30880 --- [Eshop] [http-nio-8080-exec-1] o.s.web.servlet.DispatcherServlet        : Completed initialization in 5 ms
2024-10-17T10:24:48.569+03:00 ERROR 30880 --- [Eshop] [http-nio-8080-exec-2] c.e.E.c.RemoteLoggingController          : An HTTP error occured. Status: 403 - Stack trace: 
